Start testing: Feb 04 11:25 CST
----------------------------------------------------------
1/1 Testing: test_check_common
1/1 Test: test_check_common
Command: "/home/jack/CLionProjects/shadowsocks_c/build/tests/test_check_common"
Directory: /home/jack/CLionProjects/shadowsocks_c/build
"test_check_common" start time: Feb 04 11:25 CST
Output:
----------------------------------------------------------
<end of output>
Test time =   0.00 sec
----------------------------------------------------------
Test Passed.
"test_check_common" end time: Feb 04 11:25 CST
"test_check_common" time elapsed: 00:00:00
----------------------------------------------------------

End testing: Feb 04 11:25 CST
